Started GET "/" for 127.0.0.1 at 2016-10-31 16:42:32 +0200
  [1m[36mActiveRecord::SchemaMigration Load (0.1ms)[0m  [1m[34mSELECT `schema_migrations`.* FROM `schema_migrations`[0m
Processing by SessionsController#new as HTML
  Rendering sessions/new.html.erb within layouts/application
  Rendered sessions/new.html.erb within layouts/application (8.1ms)
Started GET "/" for 127.0.0.1 at 2016-10-31 16:42:32 +0200
Processing by SessionsController#new as HTML
  Rendering sessions/new.html.erb within layouts/application
  Rendered sessions/new.html.erb within layouts/application (1.0ms)
Completed 200 OK in 499ms (Views: 492.1ms | ActiveRecord: 0.0ms)


Completed 200 OK in 233ms (Views: 232.5ms | ActiveRecord: 0.0ms)


Started GET "/" for 127.0.0.1 at 2016-10-31 17:33:32 +0200
  [1m[36mActiveRecord::SchemaMigration Load (0.3ms)[0m  [1m[34mSELECT `schema_migrations`.* FROM `schema_migrations`[0m
Processing by SessionsController#new as HTML
  Rendering sessions/new.html.erb within layouts/application
  Rendered sessions/new.html.erb within layouts/application (7.3ms)
Completed 200 OK in 220ms (Views: 212.9ms | ActiveRecord: 0.0ms)


Started GET "/" for 127.0.0.1 at 2016-11-08 15:09:25 +0200
  [1m[36mActiveRecord::SchemaMigration Load (0.3ms)[0m  [1m[34mSELECT `schema_migrations`.* FROM `schema_migrations`[0m
DEPRECATION WARNING: before_filter is deprecated and will be removed in Rails 5.1. Use before_action instead. (called from <class:ApplicationController> at /home/razvanlazea/Desktop/rampup/app/controllers/application_controller.rb:7)
Processing by SessionsController#new as HTML
  Rendering sessions/new.html.erb within layouts/application
  Rendered sessions/new.html.erb within layouts/application (7.8ms)
Started GET "/" for 127.0.0.1 at 2016-11-08 15:09:25 +0200
Processing by SessionsController#new as HTML
  Rendering sessions/new.html.erb within layouts/application
  Rendered sessions/new.html.erb within layouts/application (1.1ms)
Completed 200 OK in 602ms (Views: 594.4ms | ActiveRecord: 0.0ms)


Completed 200 OK in 283ms (Views: 282.1ms | ActiveRecord: 0.0ms)


Started GET "/users/new" for 127.0.0.1 at 2016-11-08 15:09:28 +0200
Processing by UsersController#new as HTML
  Rendering users/new.html.erb within layouts/application
  Rendered users/new.html.erb within layouts/application (11.4ms)
Completed 200 OK in 37ms (Views: 24.6ms | ActiveRecord: 1.3ms)


Started GET "/" for 127.0.0.1 at 2016-11-08 15:09:31 +0200
Processing by SessionsController#new as HTML
  Rendering sessions/new.html.erb within layouts/application
  Rendered sessions/new.html.erb within layouts/application (1.8ms)
Completed 200 OK in 15ms (Views: 14.3ms | ActiveRecord: 0.0ms)


Started GET "/users/new" for 127.0.0.1 at 2016-11-08 15:09:39 +0200
Processing by UsersController#new as HTML
  Rendering users/new.html.erb within layouts/application
  Rendered users/new.html.erb within layouts/application (3.9ms)
Completed 200 OK in 20ms (Views: 18.9ms | ActiveRecord: 0.0ms)


Started GET "/" for 127.0.0.1 at 2016-11-08 15:09:43 +0200
Processing by SessionsController#new as HTML
  Rendering sessions/new.html.erb within layouts/application
  Rendered sessions/new.html.erb within layouts/application (1.0ms)
Completed 200 OK in 21ms (Views: 20.3ms | ActiveRecord: 0.0ms)


Started GET "/" for 127.0.0.1 at 2016-11-08 15:12:51 +0200
  [1m[36mActiveRecord::SchemaMigration Load (0.3ms)[0m  [1m[34mSELECT `schema_migrations`.* FROM `schema_migrations`[0m
DEPRECATION WARNING: before_filter is deprecated and will be removed in Rails 5.1. Use before_action instead. (called from <class:ApplicationController> at /home/razvanlazea/Desktop/rampup/app/controllers/application_controller.rb:7)
Processing by SessionsController#new as HTML
  Rendering sessions/new.html.erb within layouts/application
  Rendered sessions/new.html.erb within layouts/application (7.0ms)
Completed 200 OK in 335ms (Views: 327.5ms | ActiveRecord: 0.0ms)


Started GET "/users/new" for 127.0.0.1 at 2016-11-08 15:12:53 +0200
Processing by UsersController#new as HTML
  Rendering users/new.html.erb within layouts/application
  Rendered users/new.html.erb within layouts/application (9.3ms)
Completed 200 OK in 35ms (Views: 23.1ms | ActiveRecord: 2.4ms)


